<?xml version="1.0" encoding="UTF-8"?>
<TestRun id="9f2100a4-78ea-4cd2-905d-f89de8787112" name="hchadwic@RM202-005909 2015-09-21 15:28:12" runUser="PETERBOROUGH\hchadwic" xmlns="http://microsoft.com/schemas/VisualStudio/TeamTest/2010">
  <TestSettings name="Local" id="d93173cd-135a-4d16-8a4a-102987048ab6">
    <Description>These are default test settings for a local test run.</Description>
    <Deployment enabled="false" runDeploymentRoot="hchadwic_RM202-005909 2015-09-21 15_28_12">
      <DeploymentItem filename="C:\Development\LockMonitorApplication\packages\Moq.4.2.1507.0118\lib\net40\Moq.dll" />
      <DeploymentItem filename="C:\Development\LockMonitorApplication\LockMonitorApplication\bin\Debug\LockMonitorApplication.exe" />
    </Deployment>
    <Execution>
      <TestTypeSpecific />
      <AgentRule name="Execution Agents">
      </AgentRule>
    </Execution>
  </TestSettings>
  <Times creation="2015-09-21T15:28:12.3578995+01:00" queuing="2015-09-21T15:28:12.3988995+01:00" start="2015-09-21T15:28:12.4038995+01:00" finish="2015-09-21T15:28:12.5718995+01:00" />
  <ResultSummary outcome="Failed">
    <Counters total="4" executed="4" passed="2" error="0" failed="2" timeout="0" aborted="0" inconclusive="0" passedButRunAborted="0" notRunnable="0" notExecuted="0" disconnected="0" warning="0" completed="0" inProgress="0" pending="0" />
  </ResultSummary>
  <TestDefinitions>
    <UnitTest name="BadUnconnectedFileName" storage="c:\development\lockmonitorapplication\testlockmonitor\bin\debug\testlockmonitor.dll" id="8e991c5a-6cd5-5579-8458-b7d0a59ae312">
      <Execution id="6d9e839e-658b-4691-8191-26ae20768e14" />
      <TestMethod codeBase="C:/Development/LockMonitorApplication/TestLockMonitor/bin/Debug/TestLockMonitor.DLL" adapterTypeName="Microsoft.VisualStudio.TestTools.TestTypes.Unit.UnitTestAdapter, Microsoft.VisualStudio.QualityTools.Tips.UnitTest.Adapter, Version=10.0.0.0, Culture=neutral, PublicKeyToken=b03f5f7f11d50a3a" className="LockMonitorTest.TestLockDataReader, TestLockMonitor, Version=1.0.0.0, Culture=neutral, PublicKeyToken=null" name="BadUnconnectedFileName" />
    </UnitTest>
    <UnitTest name="GoodCreation" storage="c:\development\lockmonitorapplication\testlockmonitor\bin\debug\testlockmonitor.dll" id="35ace910-8025-99a9-8947-1c3d75d0ca8a">
      <Execution id="dfcf7e6a-f6f9-4324-bd33-706ed419d124" />
      <TestMethod codeBase="C:/Development/LockMonitorApplication/TestLockMonitor/bin/Debug/TestLockMonitor.DLL" adapterTypeName="Microsoft.VisualStudio.TestTools.TestTypes.Unit.UnitTestAdapter, Microsoft.VisualStudio.QualityTools.Tips.UnitTest.Adapter, Version=10.0.0.0, Culture=neutral, PublicKeyToken=b03f5f7f11d50a3a" className="LockMonitorTest.TestLockDataReader, TestLockMonitor, Version=1.0.0.0, Culture=neutral, PublicKeyToken=null" name="GoodCreation" />
    </UnitTest>
    <UnitTest name="GoodUnconnectedCreation" storage="c:\development\lockmonitorapplication\testlockmonitor\bin\debug\testlockmonitor.dll" id="b5d08364-6d0f-e27e-49f1-d2ba9890e62f">
      <Execution id="384d24d0-ae44-44b4-8a34-58b1284482c1" />
      <TestMethod codeBase="C:/Development/LockMonitorApplication/TestLockMonitor/bin/Debug/TestLockMonitor.DLL" adapterTypeName="Microsoft.VisualStudio.TestTools.TestTypes.Unit.UnitTestAdapter, Microsoft.VisualStudio.QualityTools.Tips.UnitTest.Adapter, Version=10.0.0.0, Culture=neutral, PublicKeyToken=b03f5f7f11d50a3a" className="LockMonitorTest.TestLockDataReader, TestLockMonitor, Version=1.0.0.0, Culture=neutral, PublicKeyToken=null" name="GoodUnconnectedCreation" />
    </UnitTest>
    <UnitTest name="BadFileName" storage="c:\development\lockmonitorapplication\testlockmonitor\bin\debug\testlockmonitor.dll" id="8d1d64f4-6f31-a099-4dbf-b5d74744bf0f">
      <Execution id="7fd72dde-7fa2-4347-8d35-ffeb98a072bc" />
      <TestMethod codeBase="C:/Development/LockMonitorApplication/TestLockMonitor/bin/Debug/TestLockMonitor.DLL" adapterTypeName="Microsoft.VisualStudio.TestTools.TestTypes.Unit.UnitTestAdapter, Microsoft.VisualStudio.QualityTools.Tips.UnitTest.Adapter, Version=10.0.0.0, Culture=neutral, PublicKeyToken=b03f5f7f11d50a3a" className="LockMonitorTest.TestLockDataReader, TestLockMonitor, Version=1.0.0.0, Culture=neutral, PublicKeyToken=null" name="BadFileName" />
    </UnitTest>
  </TestDefinitions>
  <TestLists>
    <TestList name="Results Not in a List" id="8c84fa94-04c1-424b-9868-57a2d4851a1d" />
    <TestList name="All Loaded Results" id="19431567-8539-422a-85d7-44ee4e166bda" />
  </TestLists>
  <TestEntries>
    <TestEntry testId="35ace910-8025-99a9-8947-1c3d75d0ca8a" executionId="dfcf7e6a-f6f9-4324-bd33-706ed419d124" testListId="8c84fa94-04c1-424b-9868-57a2d4851a1d" />
    <TestEntry testId="8d1d64f4-6f31-a099-4dbf-b5d74744bf0f" executionId="7fd72dde-7fa2-4347-8d35-ffeb98a072bc" testListId="8c84fa94-04c1-424b-9868-57a2d4851a1d" />
    <TestEntry testId="8e991c5a-6cd5-5579-8458-b7d0a59ae312" executionId="6d9e839e-658b-4691-8191-26ae20768e14" testListId="8c84fa94-04c1-424b-9868-57a2d4851a1d" />
    <TestEntry testId="b5d08364-6d0f-e27e-49f1-d2ba9890e62f" executionId="384d24d0-ae44-44b4-8a34-58b1284482c1" testListId="8c84fa94-04c1-424b-9868-57a2d4851a1d" />
  </TestEntries>
  <Results>
    <UnitTestResult executionId="dfcf7e6a-f6f9-4324-bd33-706ed419d124" testId="35ace910-8025-99a9-8947-1c3d75d0ca8a" testName="GoodCreation" computerName="RM202-005909" duration="00:00:00.0391110" startTime="2015-09-21T15:28:12.4058995+01:00" endTime="2015-09-21T15:28:12.5568995+01:00" testType="13cdc9d9-ddb5-4fa4-a97d-d965ccfc6d4b" outcome="Failed" testListId="8c84fa94-04c1-424b-9868-57a2d4851a1d" relativeResultsDirectory="dfcf7e6a-f6f9-4324-bd33-706ed419d124">
      <Output>
        <ErrorInfo>
          <Message>Assert.AreEqual failed. Expected:&lt;60,20,100,70,37.7&gt;. Actual:&lt;3.2,1.4,1.5&gt;. </Message>
          <StackTrace>   at LockMonitorTest.TestLockDataReader.GoodCreation() in C:\Development\LockMonitorApplication\TestLockMonitor\TestLockDataReader.cs:line 16
</StackTrace>
        </ErrorInfo>
      </Output>
    </UnitTestResult>
    <UnitTestResult executionId="7fd72dde-7fa2-4347-8d35-ffeb98a072bc" testId="8d1d64f4-6f31-a099-4dbf-b5d74744bf0f" testName="BadFileName" computerName="RM202-005909" duration="00:00:00.0003495" startTime="2015-09-21T15:28:12.5578995+01:00" endTime="2015-09-21T15:28:12.5588995+01:00" testType="13cdc9d9-ddb5-4fa4-a97d-d965ccfc6d4b" outcome="Passed" testListId="8c84fa94-04c1-424b-9868-57a2d4851a1d" relativeResultsDirectory="7fd72dde-7fa2-4347-8d35-ffeb98a072bc">
    </UnitTestResult>
    <UnitTestResult executionId="6d9e839e-658b-4691-8191-26ae20768e14" testId="8e991c5a-6cd5-5579-8458-b7d0a59ae312" testName="BadUnconnectedFileName" computerName="RM202-005909" duration="00:00:00.0004441" startTime="2015-09-21T15:28:12.5598995+01:00" endTime="2015-09-21T15:28:12.5608995+01:00" testType="13cdc9d9-ddb5-4fa4-a97d-d965ccfc6d4b" outcome="Passed" testListId="8c84fa94-04c1-424b-9868-57a2d4851a1d" relativeResultsDirectory="6d9e839e-658b-4691-8191-26ae20768e14">
    </UnitTestResult>
    <UnitTestResult executionId="384d24d0-ae44-44b4-8a34-58b1284482c1" testId="b5d08364-6d0f-e27e-49f1-d2ba9890e62f" testName="GoodUnconnectedCreation" computerName="RM202-005909" duration="00:00:00.0011061" startTime="2015-09-21T15:28:12.5618995+01:00" endTime="2015-09-21T15:28:12.5638995+01:00" testType="13cdc9d9-ddb5-4fa4-a97d-d965ccfc6d4b" outcome="Failed" testListId="8c84fa94-04c1-424b-9868-57a2d4851a1d" relativeResultsDirectory="384d24d0-ae44-44b4-8a34-58b1284482c1">
      <Output>
        <ErrorInfo>
          <Message>Assert.AreEqual failed. Expected:&lt;60,20,100,70,37.7&gt;. Actual:&lt;3.2,1.4,1.5&gt;. </Message>
          <StackTrace>   at LockMonitorTest.TestLockDataReader.GoodUnconnectedCreation() in C:\Development\LockMonitorApplication\TestLockMonitor\TestLockDataReader.cs:line 35
</StackTrace>
        </ErrorInfo>
      </Output>
    </UnitTestResult>
  </Results>
</TestRun>