<?xml version="1.0" encoding="UTF-8"?>
<TestRun id="00346e53-157c-47d8-8f58-56f4fb6524b0" name="hchadwic@RM202-005909 2015-09-21 15:30:37" runUser="PETERBOROUGH\hchadwic" xmlns="http://microsoft.com/schemas/VisualStudio/TeamTest/2010">
  <TestSettings name="Local" id="d93173cd-135a-4d16-8a4a-102987048ab6">
    <Description>These are default test settings for a local test run.</Description>
    <Deployment enabled="false" runDeploymentRoot="hchadwic_RM202-005909 2015-09-21 15_30_37">
      <DeploymentItem filename="C:\Development\LockMonitorApplication\packages\Moq.4.2.1507.0118\lib\net40\Moq.dll" />
      <DeploymentItem filename="C:\Development\LockMonitorApplication\LockMonitorApplication\bin\Debug\LockMonitorApplication.exe" />
    </Deployment>
    <Execution>
      <TestTypeSpecific />
      <AgentRule name="Execution Agents">
      </AgentRule>
    </Execution>
  </TestSettings>
  <Times creation="2015-09-21T15:30:37.0928995+01:00" queuing="2015-09-21T15:30:37.1158995+01:00" start="2015-09-21T15:30:37.1188995+01:00" finish="2015-09-21T15:30:37.2418995+01:00" />
  <ResultSummary outcome="Completed">
    <Counters total="1" executed="1" passed="1" error="0" failed="0" timeout="0" aborted="0" inconclusive="0" passedButRunAborted="0" notRunnable="0" notExecuted="0" disconnected="0" warning="0" completed="0" inProgress="0" pending="0" />
  </ResultSummary>
  <TestDefinitions>
    <UnitTest name="GoodCreation" storage="c:\development\lockmonitorapplication\testlockmonitor\bin\debug\testlockmonitor.dll" id="35ace910-8025-99a9-8947-1c3d75d0ca8a">
      <Execution id="e9c8734f-2107-49dd-b697-4573eb05d1ac" />
      <TestMethod codeBase="C:/Development/LockMonitorApplication/TestLockMonitor/bin/Debug/TestLockMonitor.DLL" adapterTypeName="Microsoft.VisualStudio.TestTools.TestTypes.Unit.UnitTestAdapter, Microsoft.VisualStudio.QualityTools.Tips.UnitTest.Adapter, Version=10.0.0.0, Culture=neutral, PublicKeyToken=b03f5f7f11d50a3a" className="LockMonitorTest.TestLockDataReader, TestLockMonitor, Version=1.0.0.0, Culture=neutral, PublicKeyToken=null" name="GoodCreation" />
    </UnitTest>
  </TestDefinitions>
  <TestLists>
    <TestList name="Results Not in a List" id="8c84fa94-04c1-424b-9868-57a2d4851a1d" />
    <TestList name="All Loaded Results" id="19431567-8539-422a-85d7-44ee4e166bda" />
  </TestLists>
  <TestEntries>
    <TestEntry testId="35ace910-8025-99a9-8947-1c3d75d0ca8a" executionId="e9c8734f-2107-49dd-b697-4573eb05d1ac" testListId="8c84fa94-04c1-424b-9868-57a2d4851a1d" />
  </TestEntries>
  <Results>
    <UnitTestResult executionId="e9c8734f-2107-49dd-b697-4573eb05d1ac" testId="35ace910-8025-99a9-8947-1c3d75d0ca8a" testName="GoodCreation" computerName="RM202-005909" duration="00:00:00.0079839" startTime="2015-09-21T15:30:37.1208995+01:00" endTime="2015-09-21T15:30:37.2348995+01:00" testType="13cdc9d9-ddb5-4fa4-a97d-d965ccfc6d4b" outcome="Passed" testListId="8c84fa94-04c1-424b-9868-57a2d4851a1d" relativeResultsDirectory="e9c8734f-2107-49dd-b697-4573eb05d1ac">
    </UnitTestResult>
  </Results>
</TestRun>